c:\users\toan\documents\visual studio 2015\projects\detectcarsubtraction1\detectcarsubtraction1\x64\debug\vc140.pdb
c:\users\toan\documents\visual studio 2015\projects\detectcarsubtraction1\detectcarsubtraction1\x64\debug\vc140.idb
c:\users\toan\documents\visual studio 2015\projects\detectcarsubtraction1\detectcarsubtraction1\x64\debug\blob.obj
c:\users\toan\documents\visual studio 2015\projects\detectcarsubtraction1\detectcarsubtraction1\x64\debug\detectbinary.obj
c:\users\toan\documents\visual studio 2015\projects\detectcarsubtraction1\detectcarsubtraction1\x64\debug\detectgray.obj
c:\users\toan\documents\visual studio 2015\projects\detectcarsubtraction1\detectcarsubtraction1\x64\debug\getvalmaxinstance.obj
c:\users\toan\documents\visual studio 2015\projects\detectcarsubtraction1\detectcarsubtraction1\x64\debug\main.obj
c:\users\toan\documents\visual studio 2015\projects\detectcarsubtraction1\detectcarsubtraction1\x64\debug\restorebackground.obj
c:\users\toan\documents\visual studio 2015\projects\detectcarsubtraction1\detectcarsubtraction1\x64\debug\detectmotobike.obj
c:\users\toan\documents\visual studio 2015\projects\detectcarsubtraction1\detectcarsubtraction1\x64\debug\countwhitevalue.obj
c:\users\toan\documents\visual studio 2015\projects\detectcarsubtraction1\x64\debug\detectcarsubtraction1.ilk
c:\users\toan\documents\visual studio 2015\projects\detectcarsubtraction1\x64\debug\detectcarsubtraction1.exe
c:\users\toan\documents\visual studio 2015\projects\detectcarsubtraction1\x64\debug\detectcarsubtraction1.pdb
c:\users\toan\documents\visual studio 2015\projects\detectcarsubtraction1\detectcarsubtraction1\x64\debug\main.obj.enc
c:\users\toan\documents\visual studio 2015\projects\detectcarsubtraction1\detectcarsubtraction1\x64\debug\detectca.75c3ba57.tlog\cl.command.1.tlog
c:\users\toan\documents\visual studio 2015\projects\detectcarsubtraction1\detectcarsubtraction1\x64\debug\detectca.75c3ba57.tlog\cl.read.1.tlog
c:\users\toan\documents\visual studio 2015\projects\detectcarsubtraction1\detectcarsubtraction1\x64\debug\detectca.75c3ba57.tlog\cl.write.1.tlog
c:\users\toan\documents\visual studio 2015\projects\detectcarsubtraction1\detectcarsubtraction1\x64\debug\detectca.75c3ba57.tlog\link.command.1.tlog
c:\users\toan\documents\visual studio 2015\projects\detectcarsubtraction1\detectcarsubtraction1\x64\debug\detectca.75c3ba57.tlog\link.read.1.tlog
c:\users\toan\documents\visual studio 2015\projects\detectcarsubtraction1\detectcarsubtraction1\x64\debug\detectca.75c3ba57.tlog\link.write.1.tlog
